#-----------------------------------------------------------
# Vivado v2019.1 (64-bit)
# SW Build 2552052 on Fri May 24 14:49:42 MDT 2019
# IP Build 2548770 on Fri May 24 18:01:18 MDT 2019
# Start of session at: Fri Mar 20 12:22:43 2020
# Process ID: 6604
# Current directory: C:/Users/Ufuk Palpas/Desktop/Dersler/2.Year/2. Year - 1. Semester/CS-223/Project/Projenin bitmiþ hali/Palpas_Ufuk_05/project223
# Command line: vivado.exe -gui_launcher_event rodinguilauncherevent17344 C:\Users\Ufuk Palpas\Desktop\Dersler\2.Year\2. Year - 1. Semester\CS-223\Project\Projenin bitmiþ hali\Palpas_Ufuk_05\project223\project223.xpr
# Log file: C:/Users/Ufuk Palpas/Desktop/Dersler/2.Year/2. Year - 1. Semester/CS-223/Project/Projenin bitmiþ hali/Palpas_Ufuk_05/project223/vivado.log
# Journal file: C:/Users/Ufuk Palpas/Desktop/Dersler/2.Year/2. Year - 1. Semester/CS-223/Project/Projenin bitmiþ hali/Palpas_Ufuk_05/project223\vivado.jou
#-----------------------------------------------------------
start_gui
open_project {C:/Users/Ufuk Palpas/Desktop/Dersler/2.Year/2. Year - 1. Semester/CS-223/Project/Projenin bitmiþ hali/Palpas_Ufuk_05/project223/project223.xpr}
INFO: [ProjectBase 1-489] The host OS only allows 260 characters in a normal path. The project is stored in a path with more than 80 characters. If you experience issues with IP, Block Designs, or files not being found, please consider moving the project to a location with a shorter path. Alternately consider using the OS subst command to map part of the path to a drive letter.
Current project path is 'C:/Users/Ufuk Palpas/Desktop/Dersler/2.Year/2. Year - 1. Semester/CS-223/Project/Projenin bitmiþ hali/Palpas_Ufuk_05/project223'
INFO: [Project 1-313] Project file moved from 'C:/Users/Ufuk Palpas/Desktop/project223' since last save.
Scanning sources...
Finished scanning sources
INFO: [IP_Flow 19-234] Refreshing IP repositories
INFO: [IP_Flow 19-1704] No user IP repositories specified
INFO: [IP_Flow 19-2313] Loaded Vivado IP repository 'E:/Xilinx/Vivado/2019.1/data/ip'.
open_project: Time (s): cpu = 00:00:12 ; elapsed = 00:00:12 . Memory (MB): peak = 706.711 ; gain = 119.137
update_compile_order -fileset sources_1
exit
INFO: [Common 17-206] Exiting Vivado at Fri Mar 20 12:24:17 2020...
